## v0.5.0 更新内容

本版本为双分支同步发布：26.x（主线）与 1.21.11（兼容版本），两分支功能对齐，均含 Litematica 渲染集成。

### 26.x 分支新增：
1. 添加 Litematica MOD 为渲染依赖，由 Litematica 接管投影与选区框渲染
2. 删去旧版本中自带的渲染文件，模组仅负责 WorldEdit 剪贴板读取 + LitematicaBridge 同步 + WE 集成配置 + 命令面板 + 状态栏
3. 新增"仅替换空气方块"的粘贴模式（Paste Preview 配置页可切换）
4. 修复 pos1/pos2 选区边框渲染抖动问题（renderSelectionBox 参数语义修正）
5. 修复粘贴预览与实际剪贴板位置不同步的问题
6. 修复退出存档再重进后旧选区/投影残留、新选区不替换旧选区的问题（退出清理 placement，进入清空剪贴板）
7. 新增原理图保存功能：配置页 → Paste Preview → 保存原理图按钮，支持 litematic / nbt 格式，默认存放 ./we_schematics
8. 全局禁用 malilib 按钮的滚轮触发点击行为，避免在含滚动列表的界面中误触命令
9. 默认配置调整：
   - pastePlacementMode 默认改为 Fixed（固定预览位置）
   - commandPanelFavorites 默认包含 copy/paste/clearclipboard/flip/rotate/set/replace/undo/redo/desel
10. 清理旧配置文件引用残留

### 1.21.11 兼容版本：
- 版本号对齐至 0.5.0，功能与 26.x 分支同步（移植 v0.5.0 全部新功能）
- Litematica 渲染集成（适配 litematica 0.25.0 + malilib 0.27.x）：
  · 剪贴板通过 SchematicPlacementManager 注入 placement，由 Litematica 渲染 ghost blocks 与 mismatch
  · WE 选区框通过 malilib RenderUtils.renderAreaOutline + renderBlockOutline 渲染
    （litematica 0.25.0 的 OverlayRenderer.BoxType 是 package-private，改用公开的 RenderUtils API）
- 原理图保存（SaveSchematicScreen + SchematicExporter，支持 .litematic / .nbt）
- "只替换空气方块"粘贴模式（WorldEditBridge.AirOnlyExtent）
- 滚轮禁用（ButtonBaseMixin），退出清理，AxeModeHandler fixedOrigin 本地化
- 1.21.11 API 适配：player.displayClientMessage / mc.screen / mc.setScreen / FabricAdapter.adapt
- 依赖：malilib via Modrinth maven（0.27.7）+ litematica 本地 jar（0.25.0，Modrinth maven 未发布 POM）

